2021-08-04 20:47:06 [main] INFO  epam.webproject.model.connection.ConnectionCreator- com.mysql.cj.jdbc.Driver
2021-08-04 20:48:16 [main] INFO  epam.webproject.model.connection.ConnectionCreator- jdbc:mysql://localhost:3306/first_project
2021-08-04 20:48:16 [main] INFO  epam.webproject.model.connection.ConnectionCreator- com.mysql.cj.jdbc.Driver
2021-08-04 20:54:50 [main] INFO  epam.webproject.model.connection.ConnectionCreator- jdbc:mysql://localhost:3306/first_project
2021-08-04 20:54:50 [main] INFO  epam.webproject.model.connection.ConnectionCreator- com.mysql.cj.jdbc.Driver
2021-08-04 20:58:08 [main] INFO  epam.webproject.model.connection.ConnectionCreator- jdbc:mysql://localhost:3306/first_project
2021-08-04 20:58:08 [main] INFO  epam.webproject.model.connection.ConnectionCreator- com.mysql.cj.jdbc.Driver
2021-08-04 21:09:43 [main] INFO  epam.webproject.model.connection.ConnectionCreator- jdbc:mysql://localhost:3306/first_project
2021-08-04 21:09:43 [main] INFO  epam.webproject.model.connection.ConnectionCreator- com.mysql.cj.jdbc.Driver
2021-08-04 21:11:13 [main] INFO  epam.webproject.model.connection.ConnectionCreator- jdbc:mysql://localhost:3306/first_project
2021-08-04 21:11:13 [main] INFO  epam.webproject.model.connection.ConnectionCreator- com.mysql.cj.jdbc.Driver
2021-08-04 21:48:37 [main] INFO  epam.webproject.model.connection.ConnectionCreator- jdbc:mysql://localhost:3306/first_project
2021-08-04 21:48:37 [main] INFO  epam.webproject.model.connection.ConnectionCreator- com.mysql.cj.jdbc.Driver
2021-08-04 23:12:00 [main] INFO  epam.webproject.model.connection.ConnectionCreator- jdbc:mysql://localhost:3306/first_project
2021-08-04 23:12:00 [main] INFO  epam.webproject.model.connection.ConnectionCreator- com.mysql.cj.jdbc.Driver
2021-08-04 23:14:20 [main] INFO  epam.webproject.model.connection.ConnectionCreator- jdbc:mysql://localhost:3306/first_project
2021-08-04 23:14:20 [main] INFO  epam.webproject.model.connection.ConnectionCreator- com.mysql.cj.jdbc.Driver
2021-08-05 00:04:18 [main] INFO  epam.webproject.model.connection.ConnectionCreator- jdbc:mysql://localhost:3306/first_project
2021-08-05 00:04:18 [main] INFO  epam.webproject.model.connection.ConnectionCreator- com.mysql.cj.jdbc.Driver
2021-08-05 00:04:19 [main] ERROR webproject.model.dao.impl.TaskDaoImpl- Can't delete
java.sql.SQLException: Can not issue data manipulation statements with executeQuery().
	at com.mysql.cj.jdbc.exceptions.SQLError.createSQLException(SQLError.java:129) ~[mysql-connector-java-8.0.25.jar:8.0.25]
	at com.mysql.cj.jdbc.exceptions.SQLError.createSQLException(SQLError.java:97) ~[mysql-connector-java-8.0.25.jar:8.0.25]
	at com.mysql.cj.jdbc.exceptions.SQLError.createSQLException(SQLError.java:89) ~[mysql-connector-java-8.0.25.jar:8.0.25]
	at com.mysql.cj.jdbc.exceptions.SQLError.createSQLException(SQLError.java:63) ~[mysql-connector-java-8.0.25.jar:8.0.25]
	at com.mysql.cj.jdbc.StatementImpl.checkForDml(StatementImpl.java:365) ~[mysql-connector-java-8.0.25.jar:8.0.25]
	at com.mysql.cj.jdbc.ClientPreparedStatement.executeQuery(ClientPreparedStatement.java:962) ~[mysql-connector-java-8.0.25.jar:8.0.25]
	at com.epam.webproject.model.dao.impl.TaskDaoImpl.findTitleById(TaskDaoImpl.java:32) [classes/:?]
	at com.epam.webproject.Main.main(Main.java:19) [classes/:?]
2021-08-05 00:12:36 [main] INFO  epam.webproject.model.connection.ConnectionCreator- jdbc:mysql://localhost:3306/first_project
2021-08-05 00:12:36 [main] INFO  epam.webproject.model.connection.ConnectionCreator- com.mysql.cj.jdbc.Driver
2021-08-05 00:12:36 [main] ERROR webproject.model.dao.impl.TaskDaoImpl- Can't delete
java.sql.SQLException: Can not issue data manipulation statements with executeQuery().
	at com.mysql.cj.jdbc.exceptions.SQLError.createSQLException(SQLError.java:129) ~[mysql-connector-java-8.0.25.jar:8.0.25]
	at com.mysql.cj.jdbc.exceptions.SQLError.createSQLException(SQLError.java:97) ~[mysql-connector-java-8.0.25.jar:8.0.25]
	at com.mysql.cj.jdbc.exceptions.SQLError.createSQLException(SQLError.java:89) ~[mysql-connector-java-8.0.25.jar:8.0.25]
	at com.mysql.cj.jdbc.exceptions.SQLError.createSQLException(SQLError.java:63) ~[mysql-connector-java-8.0.25.jar:8.0.25]
	at com.mysql.cj.jdbc.StatementImpl.checkForDml(StatementImpl.java:365) ~[mysql-connector-java-8.0.25.jar:8.0.25]
	at com.mysql.cj.jdbc.ClientPreparedStatement.executeQuery(ClientPreparedStatement.java:962) ~[mysql-connector-java-8.0.25.jar:8.0.25]
	at com.epam.webproject.model.dao.impl.TaskDaoImpl.findTitleById(TaskDaoImpl.java:32) [classes/:?]
	at com.epam.webproject.model.service.impl.TaskServiceImpl.findTitleById(TaskServiceImpl.java:26) [classes/:?]
	at com.epam.webproject.Main.main(Main.java:22) [classes/:?]
2021-08-05 00:12:36 [main] ERROR webproject.model.service.impl.TaskServiceImpl- Can't create task
2021-08-05 00:13:11 [main] INFO  epam.webproject.model.connection.ConnectionCreator- jdbc:mysql://localhost:3306/first_project
2021-08-05 00:13:11 [main] INFO  epam.webproject.model.connection.ConnectionCreator- com.mysql.cj.jdbc.Driver
2021-08-05 00:13:12 [main] ERROR webproject.model.dao.impl.TaskDaoImpl- Can't delete
java.sql.SQLException: Can not issue data manipulation statements with executeQuery().
	at com.mysql.cj.jdbc.exceptions.SQLError.createSQLException(SQLError.java:129) ~[mysql-connector-java-8.0.25.jar:8.0.25]
	at com.mysql.cj.jdbc.exceptions.SQLError.createSQLException(SQLError.java:97) ~[mysql-connector-java-8.0.25.jar:8.0.25]
	at com.mysql.cj.jdbc.exceptions.SQLError.createSQLException(SQLError.java:89) ~[mysql-connector-java-8.0.25.jar:8.0.25]
	at com.mysql.cj.jdbc.exceptions.SQLError.createSQLException(SQLError.java:63) ~[mysql-connector-java-8.0.25.jar:8.0.25]
	at com.mysql.cj.jdbc.StatementImpl.checkForDml(StatementImpl.java:365) ~[mysql-connector-java-8.0.25.jar:8.0.25]
	at com.mysql.cj.jdbc.ClientPreparedStatement.executeQuery(ClientPreparedStatement.java:962) ~[mysql-connector-java-8.0.25.jar:8.0.25]
	at com.epam.webproject.model.dao.impl.TaskDaoImpl.findTitleById(TaskDaoImpl.java:32) [classes/:?]
	at com.epam.webproject.model.service.impl.TaskServiceImpl.findTitleById(TaskServiceImpl.java:26) [classes/:?]
	at com.epam.webproject.Main.main(Main.java:22) [classes/:?]
