2021-07-27 18:39:17 [main] INFO  epam.webproject.model.connection.ConnectionCreator- jdbc:mysql://localhost:3306/first_project
2021-07-27 18:39:17 [main] INFO  epam.webproject.model.connection.ConnectionCreator- com.mysql.cj.jdbc.Driver
2021-07-27 18:39:18 [main] ERROR webproject.model.dao.impl.CommentDaoImpl- Can't find
java.sql.SQLSyntaxErrorException: You have an error in your SQL syntax; check the manual that corresponds to your MySQL server version for the right syntax to use near 'SELECT task.id FROM tasks WHERE tasks.title = '12'' at line 1
	at com.mysql.cj.jdbc.exceptions.SQLError.createSQLException(SQLError.java:120) ~[mysql-connector-java-8.0.25.jar:8.0.25]
	at com.mysql.cj.jdbc.exceptions.SQLExceptionsMapping.translateException(SQLExceptionsMapping.java:122) ~[mysql-connector-java-8.0.25.jar:8.0.25]
	at com.mysql.cj.jdbc.ClientPreparedStatement.executeInternal(ClientPreparedStatement.java:953) ~[mysql-connector-java-8.0.25.jar:8.0.25]
	at com.mysql.cj.jdbc.ClientPreparedStatement.executeQuery(ClientPreparedStatement.java:1003) ~[mysql-connector-java-8.0.25.jar:8.0.25]
	at com.epam.webproject.model.dao.impl.CommentDaoImpl.findCommentsByTitle(CommentDaoImpl.java:75) [classes/:?]
	at com.epam.webproject.Main.main(Main.java:34) [classes/:?]
2021-07-27 18:41:21 [main] INFO  epam.webproject.model.connection.ConnectionCreator- jdbc:mysql://localhost:3306/first_project
2021-07-27 18:41:21 [main] INFO  epam.webproject.model.connection.ConnectionCreator- com.mysql.cj.jdbc.Driver
2021-07-27 18:41:22 [main] ERROR webproject.model.dao.impl.CommentDaoImpl- Can't find
java.sql.SQLSyntaxErrorException: You have an error in your SQL syntax; check the manual that corresponds to your MySQL server version for the right syntax to use near 'SELECT `task.id` FROM `tasks` WHERE `tasks.title` = '12'' at line 1
	at com.mysql.cj.jdbc.exceptions.SQLError.createSQLException(SQLError.java:120) ~[mysql-connector-java-8.0.25.jar:8.0.25]
	at com.mysql.cj.jdbc.exceptions.SQLExceptionsMapping.translateException(SQLExceptionsMapping.java:122) ~[mysql-connector-java-8.0.25.jar:8.0.25]
	at com.mysql.cj.jdbc.ClientPreparedStatement.executeInternal(ClientPreparedStatement.java:953) ~[mysql-connector-java-8.0.25.jar:8.0.25]
	at com.mysql.cj.jdbc.ClientPreparedStatement.executeQuery(ClientPreparedStatement.java:1003) ~[mysql-connector-java-8.0.25.jar:8.0.25]
	at com.epam.webproject.model.dao.impl.CommentDaoImpl.findCommentsByTitle(CommentDaoImpl.java:75) [classes/:?]
	at com.epam.webproject.Main.main(Main.java:34) [classes/:?]
2021-07-27 18:41:39 [main] INFO  epam.webproject.model.connection.ConnectionCreator- jdbc:mysql://localhost:3306/first_project
2021-07-27 18:41:39 [main] INFO  epam.webproject.model.connection.ConnectionCreator- com.mysql.cj.jdbc.Driver
2021-07-27 18:41:40 [main] ERROR webproject.model.dao.impl.CommentDaoImpl- Can't find
java.sql.SQLSyntaxErrorException: Unknown column 'comment.task_id' in 'where clause'
	at com.mysql.cj.jdbc.exceptions.SQLError.createSQLException(SQLError.java:120) ~[mysql-connector-java-8.0.25.jar:8.0.25]
	at com.mysql.cj.jdbc.exceptions.SQLExceptionsMapping.translateException(SQLExceptionsMapping.java:122) ~[mysql-connector-java-8.0.25.jar:8.0.25]
	at com.mysql.cj.jdbc.ClientPreparedStatement.executeInternal(ClientPreparedStatement.java:953) ~[mysql-connector-java-8.0.25.jar:8.0.25]
	at com.mysql.cj.jdbc.ClientPreparedStatement.executeQuery(ClientPreparedStatement.java:1003) ~[mysql-connector-java-8.0.25.jar:8.0.25]
	at com.epam.webproject.model.dao.impl.CommentDaoImpl.findCommentsByTitle(CommentDaoImpl.java:75) [classes/:?]
	at com.epam.webproject.Main.main(Main.java:34) [classes/:?]
2021-07-27 18:42:09 [main] INFO  epam.webproject.model.connection.ConnectionCreator- jdbc:mysql://localhost:3306/first_project
2021-07-27 18:42:09 [main] INFO  epam.webproject.model.connection.ConnectionCreator- com.mysql.cj.jdbc.Driver
2021-07-27 18:42:10 [main] ERROR webproject.model.dao.impl.CommentDaoImpl- Can't find
java.sql.SQLSyntaxErrorException: Unknown column 'task.id' in 'field list'
	at com.mysql.cj.jdbc.exceptions.SQLError.createSQLException(SQLError.java:120) ~[mysql-connector-java-8.0.25.jar:8.0.25]
	at com.mysql.cj.jdbc.exceptions.SQLExceptionsMapping.translateException(SQLExceptionsMapping.java:122) ~[mysql-connector-java-8.0.25.jar:8.0.25]
	at com.mysql.cj.jdbc.ClientPreparedStatement.executeInternal(ClientPreparedStatement.java:953) ~[mysql-connector-java-8.0.25.jar:8.0.25]
	at com.mysql.cj.jdbc.ClientPreparedStatement.executeQuery(ClientPreparedStatement.java:1003) ~[mysql-connector-java-8.0.25.jar:8.0.25]
	at com.epam.webproject.model.dao.impl.CommentDaoImpl.findCommentsByTitle(CommentDaoImpl.java:75) [classes/:?]
	at com.epam.webproject.Main.main(Main.java:34) [classes/:?]
2021-07-27 18:42:33 [main] INFO  epam.webproject.model.connection.ConnectionCreator- jdbc:mysql://localhost:3306/first_project
2021-07-27 18:42:33 [main] INFO  epam.webproject.model.connection.ConnectionCreator- com.mysql.cj.jdbc.Driver
2021-07-27 18:42:34 [main] ERROR webproject.model.dao.impl.CommentDaoImpl- Can't find
java.sql.SQLSyntaxErrorException: Unknown column 'tasks.id' in 'field list'
	at com.mysql.cj.jdbc.exceptions.SQLError.createSQLException(SQLError.java:120) ~[mysql-connector-java-8.0.25.jar:8.0.25]
	at com.mysql.cj.jdbc.exceptions.SQLExceptionsMapping.translateException(SQLExceptionsMapping.java:122) ~[mysql-connector-java-8.0.25.jar:8.0.25]
	at com.mysql.cj.jdbc.ClientPreparedStatement.executeInternal(ClientPreparedStatement.java:953) ~[mysql-connector-java-8.0.25.jar:8.0.25]
	at com.mysql.cj.jdbc.ClientPreparedStatement.executeQuery(ClientPreparedStatement.java:1003) ~[mysql-connector-java-8.0.25.jar:8.0.25]
	at com.epam.webproject.model.dao.impl.CommentDaoImpl.findCommentsByTitle(CommentDaoImpl.java:75) [classes/:?]
	at com.epam.webproject.Main.main(Main.java:34) [classes/:?]
