2021-07-17 19:22:18 [main] INFO  com.epam.webproject.Main- 2
2021-07-17 19:22:18 [main] INFO  epam.webproject.model.connection.ConnectionCreator- jdbc:mysql://localhost:3306/first_project
2021-07-17 19:22:18 [main] INFO  epam.webproject.model.connection.ConnectionCreator- com.mysql.cj.jdbc.Driver
2021-07-17 19:22:19 [main] INFO  webproject.model.dao.impl.UserDaoImpl- 0
2021-07-17 19:27:49 [main] INFO  com.epam.webproject.Main- 2
2021-07-17 19:27:49 [main] INFO  epam.webproject.model.connection.ConnectionCreator- jdbc:mysql://localhost:3306/first_project
2021-07-17 19:27:49 [main] INFO  epam.webproject.model.connection.ConnectionCreator- com.mysql.cj.jdbc.Driver
2021-07-17 19:27:50 [main] INFO  webproject.model.dao.impl.UserDaoImpl- 0
2021-07-17 20:02:18 [main] INFO  com.epam.webproject.Main- 2
2021-07-17 20:02:18 [main] INFO  epam.webproject.model.connection.ConnectionCreator- jdbc:mysql://localhost:3306/first_project
2021-07-17 20:02:18 [main] INFO  epam.webproject.model.connection.ConnectionCreator- com.mysql.cj.jdbc.Driver
2021-07-17 20:02:19 [main] INFO  webproject.model.dao.impl.UserDaoImpl- 0
2021-07-17 20:03:25 [main] INFO  com.epam.webproject.Main- 2
2021-07-17 20:03:25 [main] INFO  epam.webproject.model.connection.ConnectionCreator- jdbc:mysql://localhost:3306/first_project
2021-07-17 20:03:25 [main] INFO  epam.webproject.model.connection.ConnectionCreator- com.mysql.cj.jdbc.Driver
2021-07-17 20:03:26 [main] INFO  webproject.model.dao.impl.UserDaoImpl- 0
2021-07-17 20:04:10 [main] INFO  com.epam.webproject.Main- 2
2021-07-17 20:04:10 [main] INFO  epam.webproject.model.connection.ConnectionCreator- jdbc:mysql://localhost:3306/first_project
2021-07-17 20:04:10 [main] INFO  epam.webproject.model.connection.ConnectionCreator- com.mysql.cj.jdbc.Driver
2021-07-17 20:04:11 [main] INFO  webproject.model.dao.impl.UserDaoImpl- 0
2021-07-17 20:04:11 [main] ERROR webproject.model.dao.impl.UserDaoImpl- Can not proceed `SELECT users.id, login, email, count_of_solve, rates_of_solve, `role_id` FROM users JOIN roles ON roles.id = users.role_id ` request: Table 'first_project.roles' doesn't exist
2021-07-17 20:04:59 [main] INFO  com.epam.webproject.Main- 2
2021-07-17 20:04:59 [main] INFO  epam.webproject.model.connection.ConnectionCreator- jdbc:mysql://localhost:3306/first_project
2021-07-17 20:04:59 [main] INFO  epam.webproject.model.connection.ConnectionCreator- com.mysql.cj.jdbc.Driver
2021-07-17 20:05:00 [main] INFO  webproject.model.dao.impl.UserDaoImpl- 0
2021-07-17 20:05:20 [main] INFO  com.epam.webproject.Main- 2
2021-07-17 20:05:20 [main] INFO  epam.webproject.model.connection.ConnectionCreator- jdbc:mysql://localhost:3306/first_project
2021-07-17 20:05:20 [main] INFO  epam.webproject.model.connection.ConnectionCreator- com.mysql.cj.jdbc.Driver
2021-07-17 20:05:22 [main] INFO  webproject.model.dao.impl.UserDaoImpl- 0
2021-07-17 20:05:33 [main] INFO  com.epam.webproject.Main- 2
2021-07-17 20:05:33 [main] INFO  epam.webproject.model.connection.ConnectionCreator- jdbc:mysql://localhost:3306/first_project
2021-07-17 20:05:33 [main] INFO  epam.webproject.model.connection.ConnectionCreator- com.mysql.cj.jdbc.Driver
2021-07-17 20:05:34 [main] INFO  webproject.model.dao.impl.UserDaoImpl- 0
2021-07-17 20:05:34 [main] ERROR webproject.model.dao.impl.UserDaoImpl- Can not proceed `SELECT users.id, login, email, count_of_solve, rates_of_solve, `role` FROM users JOIN roles ON roles.id = users.role_id ` request: Table 'first_project.roles' doesn't exist
2021-07-17 20:06:10 [main] INFO  com.epam.webproject.Main- 2
2021-07-17 20:06:10 [main] INFO  epam.webproject.model.connection.ConnectionCreator- jdbc:mysql://localhost:3306/first_project
2021-07-17 20:06:10 [main] INFO  epam.webproject.model.connection.ConnectionCreator- com.mysql.cj.jdbc.Driver
2021-07-17 20:06:11 [main] INFO  webproject.model.dao.impl.UserDaoImpl- 0
2021-07-17 20:06:36 [main] INFO  com.epam.webproject.Main- 2
2021-07-17 20:06:36 [main] INFO  epam.webproject.model.connection.ConnectionCreator- jdbc:mysql://localhost:3306/first_project
2021-07-17 20:06:36 [main] INFO  epam.webproject.model.connection.ConnectionCreator- com.mysql.cj.jdbc.Driver
2021-07-17 20:06:38 [main] INFO  webproject.model.dao.impl.UserDaoImpl- 0
2021-07-17 20:06:54 [main] INFO  com.epam.webproject.Main- 2
2021-07-17 20:06:55 [main] INFO  epam.webproject.model.connection.ConnectionCreator- jdbc:mysql://localhost:3306/first_project
2021-07-17 20:06:55 [main] INFO  epam.webproject.model.connection.ConnectionCreator- com.mysql.cj.jdbc.Driver
2021-07-17 20:06:56 [main] INFO  webproject.model.dao.impl.UserDaoImpl- 0
2021-07-17 20:06:56 [main] ERROR webproject.model.dao.impl.UserDaoImpl- Can not proceed `SELECT users.id, login, email, count_of_solve, rates_of_solve, `role` FROM users` request: Column 'role_id' not found.
2021-07-17 20:12:05 [main] INFO  com.epam.webproject.Main- 2
2021-07-17 20:12:05 [main] INFO  epam.webproject.model.connection.ConnectionCreator- jdbc:mysql://localhost:3306/first_project
2021-07-17 20:12:05 [main] INFO  epam.webproject.model.connection.ConnectionCreator- com.mysql.cj.jdbc.Driver
