2021-07-13 16:18:49 [main] ERROR webproject.model.dao.impl.UserDaoImpl- Can not proceed `SELECT users.id, login, email, count_of_solve, rates_of_solve, roles.role FROM users JOIN roles ON roles.id = users.role_id ` request: Column 'role_id' not found.
2021-07-13 16:20:06 [main] INFO  com.epam.webproject.Main- 2
2021-07-13 16:20:06 [main] INFO  epam.webproject.model.connection.ConnectionCreator- jdbc:mysql://localhost:3306/first_project
2021-07-13 16:20:06 [main] INFO  epam.webproject.model.connection.ConnectionCreator- com.mysql.cj.jdbc.Driver
2021-07-13 16:20:07 [main] ERROR webproject.model.dao.impl.UserDaoImpl- Can not proceed `SELECT users.id, login, email, count_of_solve, rates_of_solve FROM users JOIN roles ON roles.id = users.role_id ` request: Column 'role_id' not found.
2021-07-13 16:21:19 [main] INFO  com.epam.webproject.Main- 2
2021-07-13 16:21:19 [main] INFO  epam.webproject.model.connection.ConnectionCreator- jdbc:mysql://localhost:3306/first_project
2021-07-13 16:21:19 [main] INFO  epam.webproject.model.connection.ConnectionCreator- com.mysql.cj.jdbc.Driver
2021-07-13 16:27:02 [main] INFO  com.epam.webproject.Main- 2
2021-07-13 16:27:02 [main] INFO  epam.webproject.model.connection.ConnectionCreator- jdbc:mysql://localhost:3306/first_project
2021-07-13 16:27:02 [main] INFO  epam.webproject.model.connection.ConnectionCreator- com.mysql.cj.jdbc.Driver
2021-07-17 18:14:08 [main] INFO  com.epam.webproject.Main- 2
2021-07-17 18:14:08 [main] INFO  epam.webproject.model.connection.ConnectionCreator- jdbc:mysql://localhost:3306/first_project
2021-07-17 18:14:08 [main] INFO  epam.webproject.model.connection.ConnectionCreator- com.mysql.cj.jdbc.Driver
2021-07-17 18:14:31 [main] INFO  com.epam.webproject.Main- 2
2021-07-17 18:14:31 [main] INFO  epam.webproject.model.connection.ConnectionCreator- jdbc:mysql://localhost:3306/first_project
2021-07-17 18:14:31 [main] INFO  epam.webproject.model.connection.ConnectionCreator- com.mysql.cj.jdbc.Driver
2021-07-17 18:17:01 [main] INFO  com.epam.webproject.Main- 2
2021-07-17 18:17:01 [main] INFO  epam.webproject.model.connection.ConnectionCreator- jdbc:mysql://localhost:3306/first_project
2021-07-17 18:17:01 [main] INFO  epam.webproject.model.connection.ConnectionCreator- com.mysql.cj.jdbc.Driver
2021-07-17 18:20:06 [main] INFO  com.epam.webproject.Main- 2
2021-07-17 18:20:06 [main] INFO  epam.webproject.model.connection.ConnectionCreator- jdbc:mysql://localhost:3306/first_project
2021-07-17 18:20:06 [main] INFO  epam.webproject.model.connection.ConnectionCreator- com.mysql.cj.jdbc.Driver
2021-07-17 18:20:25 [main] INFO  com.epam.webproject.Main- 2
2021-07-17 18:20:25 [main] INFO  epam.webproject.model.connection.ConnectionCreator- jdbc:mysql://localhost:3306/first_project
2021-07-17 18:20:25 [main] INFO  epam.webproject.model.connection.ConnectionCreator- com.mysql.cj.jdbc.Driver
2021-07-17 18:22:22 [main] INFO  com.epam.webproject.Main- 2
2021-07-17 18:22:22 [main] INFO  epam.webproject.model.connection.ConnectionCreator- jdbc:mysql://localhost:3306/first_project
2021-07-17 18:22:22 [main] INFO  epam.webproject.model.connection.ConnectionCreator- com.mysql.cj.jdbc.Driver
2021-07-17 18:23:35 [main] INFO  com.epam.webproject.Main- 2
2021-07-17 18:23:35 [main] INFO  epam.webproject.model.connection.ConnectionCreator- jdbc:mysql://localhost:3306/first_project
2021-07-17 18:23:35 [main] INFO  epam.webproject.model.connection.ConnectionCreator- com.mysql.cj.jdbc.Driver
2021-07-17 18:23:36 [main] INFO  webproject.model.dao.impl.UserDaoImpl- newbie
2021-07-17 18:24:17 [main] INFO  com.epam.webproject.Main- 2
2021-07-17 18:24:17 [main] INFO  epam.webproject.model.connection.ConnectionCreator- jdbc:mysql://localhost:3306/first_project
2021-07-17 18:24:17 [main] INFO  epam.webproject.model.connection.ConnectionCreator- com.mysql.cj.jdbc.Driver
2021-07-17 18:24:50 [main] INFO  com.epam.webproject.Main- 2
2021-07-17 18:24:50 [main] INFO  epam.webproject.model.connection.ConnectionCreator- jdbc:mysql://localhost:3306/first_project
2021-07-17 18:24:50 [main] INFO  epam.webproject.model.connection.ConnectionCreator- com.mysql.cj.jdbc.Driver
2021-07-17 18:25:53 [main] INFO  com.epam.webproject.Main- 2
2021-07-17 18:25:53 [main] INFO  epam.webproject.model.connection.ConnectionCreator- jdbc:mysql://localhost:3306/first_project
2021-07-17 18:25:53 [main] INFO  epam.webproject.model.connection.ConnectionCreator- com.mysql.cj.jdbc.Driver
2021-07-17 18:27:22 [main] INFO  com.epam.webproject.Main- 2
2021-07-17 18:27:22 [main] INFO  epam.webproject.model.connection.ConnectionCreator- jdbc:mysql://localhost:3306/first_project
2021-07-17 18:27:22 [main] INFO  epam.webproject.model.connection.ConnectionCreator- com.mysql.cj.jdbc.Driver
2021-07-17 18:28:30 [main] INFO  com.epam.webproject.Main- 2
2021-07-17 18:28:30 [main] INFO  epam.webproject.model.connection.ConnectionCreator- jdbc:mysql://localhost:3306/first_project
2021-07-17 18:28:30 [main] INFO  epam.webproject.model.connection.ConnectionCreator- com.mysql.cj.jdbc.Driver
2021-07-17 18:30:57 [main] INFO  com.epam.webproject.Main- 2
